{"D:\\Murti\\TEKNIS_TA\\be-peminjaman-mesin-main\\controllers\\authController.js": {"path":"D:\\Murti\\TEKNIS_TA\\be-peminjaman-mesin-main\\controllers\\authController.js","statementMap":{"0":{"start":{"line":2,"column":13},"end":{"line":2,"column":43}},"1":{"start":{"line":3,"column":15},"end":{"line":3,"column":32}},"2":{"start":{"line":4,"column":12},"end":{"line":4,"column":35}},"3":{"start":{"line":5,"column":19},"end":{"line":5,"column":40}},"4":{"start":{"line":6,"column":15},"end":{"line":6,"column":32}},"5":{"start":{"line":10,"column":14},"end":{"line":10,"column":24}},"6":{"start":{"line":11,"column":24},"end":{"line":19,"column":4}},"7":{"start":{"line":20,"column":2},"end":{"line":24,"column":3}},"8":{"start":{"line":21,"column":4},"end":{"line":21,"column":57}},"9":{"start":{"line":23,"column":4},"end":{"line":23,"column":51}},"10":{"start":{"line":27,"column":20},"end":{"line":38,"column":2}},"11":{"start":{"line":41,"column":0},"end":{"line":47,"column":3}},"12":{"start":{"line":42,"column":2},"end":{"line":46,"column":3}},"13":{"start":{"line":43,"column":4},"end":{"line":43,"column":54}},"14":{"start":{"line":45,"column":4},"end":{"line":45,"column":66}},"15":{"start":{"line":49,"column":30},"end":{"line":99,"column":1}},"16":{"start":{"line":50,"column":2},"end":{"line":98,"column":3}},"17":{"start":{"line":52,"column":4},"end":{"line":54,"column":5}},"18":{"start":{"line":53,"column":6},"end":{"line":53,"column":76}},"19":{"start":{"line":57,"column":4},"end":{"line":59,"column":5}},"20":{"start":{"line":58,"column":6},"end":{"line":58,"column":78}},"21":{"start":{"line":64,"column":24},"end":{"line":82,"column":5}},"22":{"start":{"line":85,"column":4},"end":{"line":85,"column":80}},"23":{"start":{"line":86,"column":17},"end":{"line":86,"column":56}},"24":{"start":{"line":87,"column":4},"end":{"line":89,"column":6}},"25":{"start":{"line":91,"column":4},"end":{"line":94,"column":6}},"26":{"start":{"line":96,"column":4},"end":{"line":96,"column":76}},"27":{"start":{"line":97,"column":4},"end":{"line":97,"column":75}},"28":{"start":{"line":101,"column":17},"end":{"line":235,"column":1}},"29":{"start":{"line":102,"column":18},"end":{"line":102,"column":43}},"30":{"start":{"line":103,"column":2},"end":{"line":103,"column":29}},"31":{"start":{"line":105,"column":2},"end":{"line":234,"column":3}},"32":{"start":{"line":106,"column":48},"end":{"line":106,"column":56}},"33":{"start":{"line":109,"column":4},"end":{"line":122,"column":5}},"34":{"start":{"line":110,"column":6},"end":{"line":110,"column":71}},"35":{"start":{"line":111,"column":6},"end":{"line":121,"column":9}},"36":{"start":{"line":125,"column":23},"end":{"line":125,"column":43}},"37":{"start":{"line":126,"column":4},"end":{"line":134,"column":5}},"38":{"start":{"line":127,"column":6},"end":{"line":127,"column":79}},"39":{"start":{"line":128,"column":6},"end":{"line":133,"column":9}},"40":{"start":{"line":137,"column":25},"end":{"line":137,"column":78}},"41":{"start":{"line":138,"column":4},"end":{"line":155,"column":5}},"42":{"start":{"line":139,"column":6},"end":{"line":139,"column":79}},"43":{"start":{"line":141,"column":6},"end":{"line":147,"column":7}},"44":{"start":{"line":142,"column":8},"end":{"line":146,"column":11}},"45":{"start":{"line":149,"column":6},"end":{"line":154,"column":9}},"46":{"start":{"line":158,"column":17},"end":{"line":158,"column":41}},"47":{"start":{"line":159,"column":25},"end":{"line":159,"column":58}},"48":{"start":{"line":162,"column":29},"end":{"line":164,"column":16}},"49":{"start":{"line":165,"column":36},"end":{"line":165,"column":72}},"50":{"start":{"line":168,"column":20},"end":{"line":181,"column":5}},"51":{"start":{"line":184,"column":4},"end":{"line":184,"column":38}},"52":{"start":{"line":185,"column":4},"end":{"line":185,"column":25}},"53":{"start":{"line":188,"column":4},"end":{"line":211,"column":5}},"54":{"start":{"line":189,"column":6},"end":{"line":189,"column":77}},"55":{"start":{"line":190,"column":6},"end":{"line":190,"column":64}},"56":{"start":{"line":191,"column":6},"end":{"line":191,"column":75}},"57":{"start":{"line":193,"column":6},"end":{"line":198,"column":9}},"58":{"start":{"line":200,"column":6},"end":{"line":202,"column":8}},"59":{"start":{"line":205,"column":6},"end":{"line":210,"column":9}},"60":{"start":{"line":214,"column":4},"end":{"line":214,"column":37}},"61":{"start":{"line":215,"column":4},"end":{"line":215,"column":25}},"62":{"start":{"line":217,"column":4},"end":{"line":226,"column":5}},"63":{"start":{"line":218,"column":20},"end":{"line":218,"column":52}},"64":{"start":{"line":219,"column":20},"end":{"line":219,"column":41}},"65":{"start":{"line":220,"column":6},"end":{"line":225,"column":9}},"66":{"start":{"line":228,"column":4},"end":{"line":228,"column":61}},"67":{"start":{"line":229,"column":4},"end":{"line":233,"column":7}},"68":{"start":{"line":237,"column":14},"end":{"line":355,"column":1}},"69":{"start":{"line":238,"column":2},"end":{"line":354,"column":3}},"70":{"start":{"line":239,"column":42},"end":{"line":239,"column":50}},"71":{"start":{"line":241,"column":17},"end":{"line":243,"column":6}},"72":{"start":{"line":245,"column":4},"end":{"line":250,"column":9}},"73":{"start":{"line":246,"column":6},"end":{"line":250,"column":9}},"74":{"start":{"line":252,"column":23},"end":{"line":252,"column":43}},"75":{"start":{"line":253,"column":4},"end":{"line":258,"column":9}},"76":{"start":{"line":254,"column":6},"end":{"line":258,"column":9}},"77":{"start":{"line":260,"column":4},"end":{"line":265,"column":9}},"78":{"start":{"line":261,"column":6},"end":{"line":265,"column":9}},"79":{"start":{"line":267,"column":4},"end":{"line":272,"column":5}},"80":{"start":{"line":268,"column":6},"end":{"line":271,"column":9}},"81":{"start":{"line":274,"column":18},"end":{"line":274,"column":63}},"82":{"start":{"line":275,"column":4},"end":{"line":280,"column":9}},"83":{"start":{"line":276,"column":6},"end":{"line":280,"column":9}},"84":{"start":{"line":282,"column":19},"end":{"line":282,"column":27}},"85":{"start":{"line":283,"column":21},"end":{"line":283,"column":34}},"86":{"start":{"line":284,"column":20},"end":{"line":284,"column":30}},"87":{"start":{"line":285,"column":21},"end":{"line":285,"column":30}},"88":{"start":{"line":288,"column":4},"end":{"line":294,"column":5}},"89":{"start":{"line":289,"column":6},"end":{"line":289,"column":31}},"90":{"start":{"line":290,"column":6},"end":{"line":290,"column":24}},"91":{"start":{"line":291,"column":6},"end":{"line":293,"column":8}},"92":{"start":{"line":296,"column":4},"end":{"line":296,"column":62}},"93":{"start":{"line":297,"column":4},"end":{"line":297,"column":62}},"94":{"start":{"line":299,"column":24},"end":{"line":311,"column":5}},"95":{"start":{"line":312,"column":25},"end":{"line":320,"column":5}},"96":{"start":{"line":322,"column":4},"end":{"line":325,"column":6}},"97":{"start":{"line":327,"column":4},"end":{"line":330,"column":7}},"98":{"start":{"line":332,"column":4},"end":{"line":343,"column":7}},"99":{"start":{"line":345,"column":4},"end":{"line":345,"column":25}},"100":{"start":{"line":346,"column":4},"end":{"line":353,"column":7}},"101":{"start":{"line":357,"column":15},"end":{"line":404,"column":1}},"102":{"start":{"line":358,"column":2},"end":{"line":403,"column":3}},"103":{"start":{"line":359,"column":4},"end":{"line":359,"column":68}},"104":{"start":{"line":361,"column":22},"end":{"line":361,"column":37}},"105":{"start":{"line":362,"column":4},"end":{"line":368,"column":5}},"106":{"start":{"line":363,"column":6},"end":{"line":363,"column":55}},"107":{"start":{"line":364,"column":6},"end":{"line":367,"column":9}},"108":{"start":{"line":370,"column":4},"end":{"line":370,"column":64}},"109":{"start":{"line":372,"column":17},"end":{"line":372,"column":57}},"110":{"start":{"line":374,"column":4},"end":{"line":380,"column":5}},"111":{"start":{"line":375,"column":6},"end":{"line":375,"column":65}},"112":{"start":{"line":376,"column":6},"end":{"line":379,"column":9}},"113":{"start":{"line":382,"column":4},"end":{"line":384,"column":6}},"114":{"start":{"line":385,"column":4},"end":{"line":385,"column":30}},"115":{"start":{"line":386,"column":4},"end":{"line":386,"column":25}},"116":{"start":{"line":387,"column":4},"end":{"line":387,"column":22}},"117":{"start":{"line":389,"column":4},"end":{"line":389,"column":54}},"118":{"start":{"line":390,"column":4},"end":{"line":390,"column":36}},"119":{"start":{"line":392,"column":4},"end":{"line":392,"column":42}},"120":{"start":{"line":393,"column":4},"end":{"line":396,"column":7}},"121":{"start":{"line":398,"column":4},"end":{"line":398,"column":42}},"122":{"start":{"line":399,"column":4},"end":{"line":402,"column":7}},"123":{"start":{"line":406,"column":23},"end":{"line":449,"column":1}},"124":{"start":{"line":407,"column":2},"end":{"line":448,"column":3}},"125":{"start":{"line":408,"column":25},"end":{"line":408,"column":33}},"126":{"start":{"line":410,"column":22},"end":{"line":410,"column":36}},"127":{"start":{"line":412,"column":4},"end":{"line":412,"column":64}},"128":{"start":{"line":413,"column":4},"end":{"line":413,"column":60}},"129":{"start":{"line":415,"column":4},"end":{"line":421,"column":5}},"130":{"start":{"line":416,"column":6},"end":{"line":416,"column":48}},"131":{"start":{"line":417,"column":6},"end":{"line":420,"column":9}},"132":{"start":{"line":423,"column":17},"end":{"line":423,"column":57}},"133":{"start":{"line":424,"column":4},"end":{"line":430,"column":5}},"134":{"start":{"line":425,"column":6},"end":{"line":425,"column":53}},"135":{"start":{"line":426,"column":6},"end":{"line":429,"column":9}},"136":{"start":{"line":432,"column":4},"end":{"line":432,"column":29}},"137":{"start":{"line":433,"column":4},"end":{"line":433,"column":22}},"138":{"start":{"line":435,"column":4},"end":{"line":435,"column":71}},"139":{"start":{"line":437,"column":4},"end":{"line":440,"column":7}},"140":{"start":{"line":442,"column":4},"end":{"line":442,"column":57}},"141":{"start":{"line":443,"column":4},"end":{"line":447,"column":7}},"142":{"start":{"line":451,"column":20},"end":{"line":561,"column":1}},"143":{"start":{"line":452,"column":20},"end":{"line":452,"column":29}},"144":{"start":{"line":454,"column":2},"end":{"line":460,"column":3}},"145":{"start":{"line":455,"column":4},"end":{"line":455,"column":69}},"146":{"start":{"line":456,"column":4},"end":{"line":459,"column":7}},"147":{"start":{"line":462,"column":2},"end":{"line":560,"column":3}},"148":{"start":{"line":464,"column":17},"end":{"line":467,"column":6}},"149":{"start":{"line":469,"column":4},"end":{"line":478,"column":5}},"150":{"start":{"line":470,"column":6},"end":{"line":472,"column":8}},"151":{"start":{"line":473,"column":6},"end":{"line":477,"column":9}},"152":{"start":{"line":481,"column":23},"end":{"line":481,"column":33}},"153":{"start":{"line":484,"column":20},"end":{"line":484,"column":45}},"154":{"start":{"line":485,"column":4},"end":{"line":485,"column":31}},"155":{"start":{"line":487,"column":4},"end":{"line":551,"column":5}},"156":{"start":{"line":489,"column":6},"end":{"line":499,"column":8}},"157":{"start":{"line":502,"column":6},"end":{"line":535,"column":7}},"158":{"start":{"line":503,"column":8},"end":{"line":527,"column":11}},"159":{"start":{"line":529,"column":8},"end":{"line":529,"column":77}},"160":{"start":{"line":531,"column":8},"end":{"line":533,"column":10}},"161":{"start":{"line":537,"column":6},"end":{"line":537,"column":40}},"162":{"start":{"line":538,"column":6},"end":{"line":538,"column":78}},"163":{"start":{"line":540,"column":6},"end":{"line":545,"column":9}},"164":{"start":{"line":547,"column":6},"end":{"line":547,"column":39}},"165":{"start":{"line":548,"column":6},"end":{"line":548,"column":29}},"166":{"start":{"line":550,"column":6},"end":{"line":550,"column":27}},"167":{"start":{"line":553,"column":4},"end":{"line":553,"column":67}},"168":{"start":{"line":554,"column":4},"end":{"line":559,"column":7}},"169":{"start":{"line":563,"column":19},"end":{"line":596,"column":1}},"170":{"start":{"line":564,"column":2},"end":{"line":595,"column":3}},"171":{"start":{"line":565,"column":28},"end":{"line":565,"column":36}},"172":{"start":{"line":567,"column":17},"end":{"line":571,"column":6}},"173":{"start":{"line":573,"column":4},"end":{"line":578,"column":5}},"174":{"start":{"line":574,"column":6},"end":{"line":577,"column":9}},"175":{"start":{"line":580,"column":4},"end":{"line":580,"column":27}},"176":{"start":{"line":581,"column":4},"end":{"line":581,"column":38}},"177":{"start":{"line":582,"column":4},"end":{"line":582,"column":45}},"178":{"start":{"line":583,"column":4},"end":{"line":583,"column":22}},"179":{"start":{"line":585,"column":4},"end":{"line":588,"column":7}},"180":{"start":{"line":590,"column":4},"end":{"line":594,"column":7}},"181":{"start":{"line":598,"column":31},"end":{"line":654,"column":1}},"182":{"start":{"line":599,"column":2},"end":{"line":653,"column":3}},"183":{"start":{"line":600,"column":22},"end":{"line":600,"column":30}},"184":{"start":{"line":603,"column":4},"end":{"line":608,"column":5}},"185":{"start":{"line":604,"column":6},"end":{"line":607,"column":9}},"186":{"start":{"line":611,"column":17},"end":{"line":611,"column":46}},"187":{"start":{"line":613,"column":4},"end":{"line":618,"column":5}},"188":{"start":{"line":614,"column":6},"end":{"line":617,"column":9}},"189":{"start":{"line":621,"column":4},"end":{"line":626,"column":5}},"190":{"start":{"line":622,"column":6},"end":{"line":625,"column":9}},"191":{"start":{"line":629,"column":32},"end":{"line":631,"column":16}},"192":{"start":{"line":632,"column":36},"end":{"line":632,"column":72}},"193":{"start":{"line":635,"column":4},"end":{"line":635,"column":48}},"194":{"start":{"line":636,"column":4},"end":{"line":636,"column":59}},"195":{"start":{"line":637,"column":4},"end":{"line":637,"column":22}},"196":{"start":{"line":640,"column":4},"end":{"line":640,"column":59}},"197":{"start":{"line":642,"column":4},"end":{"line":645,"column":7}},"198":{"start":{"line":647,"column":4},"end":{"line":647,"column":76}},"199":{"start":{"line":648,"column":4},"end":{"line":652,"column":7}},"200":{"start":{"line":656,"column":0},"end":{"line":664,"column":2}}},"fnMap":{"0":{"name":"logWithTimestamp","decl":{"start":{"line":9,"column":9},"end":{"line":9,"column":25}},"loc":{"start":{"line":9,"column":48},"end":{"line":25,"column":1}},"line":9},"1":{"name":"(anonymous_1)","decl":{"start":{"line":41,"column":19},"end":{"line":41,"column":20}},"loc":{"start":{"line":41,"column":45},"end":{"line":47,"column":1}},"line":41},"2":{"name":"(anonymous_2)","decl":{"start":{"line":49,"column":30},"end":{"line":49,"column":31}},"loc":{"start":{"line":49,"column":64},"end":{"line":99,"column":1}},"line":49},"3":{"name":"(anonymous_3)","decl":{"start":{"line":101,"column":17},"end":{"line":101,"column":18}},"loc":{"start":{"line":101,"column":37},"end":{"line":235,"column":1}},"line":101},"4":{"name":"(anonymous_4)","decl":{"start":{"line":237,"column":14},"end":{"line":237,"column":15}},"loc":{"start":{"line":237,"column":34},"end":{"line":355,"column":1}},"line":237},"5":{"name":"(anonymous_5)","decl":{"start":{"line":357,"column":15},"end":{"line":357,"column":16}},"loc":{"start":{"line":357,"column":35},"end":{"line":404,"column":1}},"line":357},"6":{"name":"(anonymous_6)","decl":{"start":{"line":406,"column":23},"end":{"line":406,"column":24}},"loc":{"start":{"line":406,"column":43},"end":{"line":449,"column":1}},"line":406},"7":{"name":"(anonymous_7)","decl":{"start":{"line":451,"column":20},"end":{"line":451,"column":21}},"loc":{"start":{"line":451,"column":40},"end":{"line":561,"column":1}},"line":451},"8":{"name":"(anonymous_8)","decl":{"start":{"line":563,"column":19},"end":{"line":563,"column":20}},"loc":{"start":{"line":563,"column":39},"end":{"line":596,"column":1}},"line":563},"9":{"name":"(anonymous_9)","decl":{"start":{"line":598,"column":31},"end":{"line":598,"column":32}},"loc":{"start":{"line":598,"column":51},"end":{"line":654,"column":1}},"line":598}},"branchMap":{"0":{"loc":{"start":{"line":9,"column":35},"end":{"line":9,"column":46}},"type":"default-arg","locations":[{"start":{"line":9,"column":42},"end":{"line":9,"column":46}}],"line":9},"1":{"loc":{"start":{"line":20,"column":2},"end":{"line":24,"column":3}},"type":"if","locations":[{"start":{"line":20,"column":2},"end":{"line":24,"column":3}},{"start":{"line":22,"column":9},"end":{"line":24,"column":3}}],"line":20},"2":{"loc":{"start":{"line":42,"column":2},"end":{"line":46,"column":3}},"type":"if","locations":[{"start":{"line":42,"column":2},"end":{"line":46,"column":3}},{"start":{"line":44,"column":9},"end":{"line":46,"column":3}}],"line":42},"3":{"loc":{"start":{"line":52,"column":4},"end":{"line":54,"column":5}},"type":"if","locations":[{"start":{"line":52,"column":4},"end":{"line":54,"column":5}},{"start":{},"end":{}}],"line":52},"4":{"loc":{"start":{"line":52,"column":8},"end":{"line":52,"column":34}},"type":"binary-expr","locations":[{"start":{"line":52,"column":8},"end":{"line":52,"column":13}},{"start":{"line":52,"column":17},"end":{"line":52,"column":34}}],"line":52},"5":{"loc":{"start":{"line":57,"column":4},"end":{"line":59,"column":5}},"type":"if","locations":[{"start":{"line":57,"column":4},"end":{"line":59,"column":5}},{"start":{},"end":{}}],"line":57},"6":{"loc":{"start":{"line":109,"column":4},"end":{"line":122,"column":5}},"type":"if","locations":[{"start":{"line":109,"column":4},"end":{"line":122,"column":5}},{"start":{},"end":{}}],"line":109},"7":{"loc":{"start":{"line":109,"column":8},"end":{"line":109,"column":49}},"type":"binary-expr","locations":[{"start":{"line":109,"column":8},"end":{"line":109,"column":17}},{"start":{"line":109,"column":21},"end":{"line":109,"column":27}},{"start":{"line":109,"column":31},"end":{"line":109,"column":40}},{"start":{"line":109,"column":44},"end":{"line":109,"column":49}}],"line":109},"8":{"loc":{"start":{"line":126,"column":4},"end":{"line":134,"column":5}},"type":"if","locations":[{"start":{"line":126,"column":4},"end":{"line":134,"column":5}},{"start":{},"end":{}}],"line":126},"9":{"loc":{"start":{"line":138,"column":4},"end":{"line":155,"column":5}},"type":"if","locations":[{"start":{"line":138,"column":4},"end":{"line":155,"column":5}},{"start":{},"end":{}}],"line":138},"10":{"loc":{"start":{"line":141,"column":6},"end":{"line":147,"column":7}},"type":"if","locations":[{"start":{"line":141,"column":6},"end":{"line":147,"column":7}},{"start":{},"end":{}}],"line":141},"11":{"loc":{"start":{"line":217,"column":4},"end":{"line":226,"column":5}},"type":"if","locations":[{"start":{"line":217,"column":4},"end":{"line":226,"column":5}},{"start":{},"end":{}}],"line":217},"12":{"loc":{"start":{"line":245,"column":4},"end":{"line":250,"column":9}},"type":"if","locations":[{"start":{"line":245,"column":4},"end":{"line":250,"column":9}},{"start":{},"end":{}}],"line":245},"13":{"loc":{"start":{"line":245,"column":8},"end":{"line":245,"column":27}},"type":"binary-expr","locations":[{"start":{"line":245,"column":8},"end":{"line":245,"column":14}},{"start":{"line":245,"column":18},"end":{"line":245,"column":27}}],"line":245},"14":{"loc":{"start":{"line":253,"column":4},"end":{"line":258,"column":9}},"type":"if","locations":[{"start":{"line":253,"column":4},"end":{"line":258,"column":9}},{"start":{},"end":{}}],"line":253},"15":{"loc":{"start":{"line":260,"column":4},"end":{"line":265,"column":9}},"type":"if","locations":[{"start":{"line":260,"column":4},"end":{"line":265,"column":9}},{"start":{},"end":{}}],"line":260},"16":{"loc":{"start":{"line":267,"column":4},"end":{"line":272,"column":5}},"type":"if","locations":[{"start":{"line":267,"column":4},"end":{"line":272,"column":5}},{"start":{},"end":{}}],"line":267},"17":{"loc":{"start":{"line":275,"column":4},"end":{"line":280,"column":9}},"type":"if","locations":[{"start":{"line":275,"column":4},"end":{"line":280,"column":9}},{"start":{},"end":{}}],"line":275},"18":{"loc":{"start":{"line":288,"column":4},"end":{"line":294,"column":5}},"type":"if","locations":[{"start":{"line":288,"column":4},"end":{"line":294,"column":5}},{"start":{},"end":{}}],"line":288},"19":{"loc":{"start":{"line":362,"column":4},"end":{"line":368,"column":5}},"type":"if","locations":[{"start":{"line":362,"column":4},"end":{"line":368,"column":5}},{"start":{},"end":{}}],"line":362},"20":{"loc":{"start":{"line":374,"column":4},"end":{"line":380,"column":5}},"type":"if","locations":[{"start":{"line":374,"column":4},"end":{"line":380,"column":5}},{"start":{},"end":{}}],"line":374},"21":{"loc":{"start":{"line":415,"column":4},"end":{"line":421,"column":5}},"type":"if","locations":[{"start":{"line":415,"column":4},"end":{"line":421,"column":5}},{"start":{},"end":{}}],"line":415},"22":{"loc":{"start":{"line":424,"column":4},"end":{"line":430,"column":5}},"type":"if","locations":[{"start":{"line":424,"column":4},"end":{"line":430,"column":5}},{"start":{},"end":{}}],"line":424},"23":{"loc":{"start":{"line":454,"column":2},"end":{"line":460,"column":3}},"type":"if","locations":[{"start":{"line":454,"column":2},"end":{"line":460,"column":3}},{"start":{},"end":{}}],"line":454},"24":{"loc":{"start":{"line":469,"column":4},"end":{"line":478,"column":5}},"type":"if","locations":[{"start":{"line":469,"column":4},"end":{"line":478,"column":5}},{"start":{},"end":{}}],"line":469},"25":{"loc":{"start":{"line":573,"column":4},"end":{"line":578,"column":5}},"type":"if","locations":[{"start":{"line":573,"column":4},"end":{"line":578,"column":5}},{"start":{},"end":{}}],"line":573},"26":{"loc":{"start":{"line":603,"column":4},"end":{"line":608,"column":5}},"type":"if","locations":[{"start":{"line":603,"column":4},"end":{"line":608,"column":5}},{"start":{},"end":{}}],"line":603},"27":{"loc":{"start":{"line":613,"column":4},"end":{"line":618,"column":5}},"type":"if","locations":[{"start":{"line":613,"column":4},"end":{"line":618,"column":5}},{"start":{},"end":{}}],"line":613},"28":{"loc":{"start":{"line":621,"column":4},"end":{"line":626,"column":5}},"type":"if","locations":[{"start":{"line":621,"column":4},"end":{"line":626,"column":5}},{"start":{},"end":{}}],"line":621}},"s":{"0":1,"1":1,"2":1,"3":1,"4":1,"5":23,"6":23,"7":23,"8":7,"9":16,"10":1,"11":1,"12":1,"13":1,"14":0,"15":1,"16":0,"17":0,"18":0,"19":0,"20":0,"21":0,"22":0,"23":0,"24":0,"25":0,"26":0,"27":0,"28":1,"29":8,"30":8,"31":0,"32":0,"33":0,"34":0,"35":0,"36":0,"37":0,"38":0,"39":0,"40":0,"41":0,"42":0,"43":0,"44":0,"45":0,"46":0,"47":0,"48":0,"49":0,"50":0,"51":0,"52":0,"53":0,"54":0,"55":0,"56":0,"57":0,"58":0,"59":0,"60":0,"61":0,"62":0,"63":0,"64":0,"65":0,"66":0,"67":0,"68":1,"69":8,"70":8,"71":8,"72":7,"73":1,"74":6,"75":6,"76":1,"77":5,"78":1,"79":4,"80":4,"81":0,"82":0,"83":0,"84":0,"85":0,"86":0,"87":0,"88":0,"89":0,"90":0,"91":0,"92":0,"93":0,"94":0,"95":0,"96":0,"97":0,"98":0,"99":1,"100":1,"101":1,"102":6,"103":6,"104":6,"105":6,"106":1,"107":1,"108":5,"109":5,"110":4,"111":1,"112":1,"113":3,"114":3,"115":3,"116":3,"117":3,"118":3,"119":3,"120":3,"121":1,"122":1,"123":1,"124":0,"125":0,"126":0,"127":0,"128":0,"129":0,"130":0,"131":0,"132":0,"133":0,"134":0,"135":0,"136":0,"137":0,"138":0,"139":0,"140":0,"141":0,"142":1,"143":0,"144":0,"145":0,"146":0,"147":0,"148":0,"149":0,"150":0,"151":0,"152":0,"153":0,"154":0,"155":0,"156":0,"157":0,"158":0,"159":0,"160":0,"161":0,"162":0,"163":0,"164":0,"165":0,"166":0,"167":0,"168":0,"169":1,"170":0,"171":0,"172":0,"173":0,"174":0,"175":0,"176":0,"177":0,"178":0,"179":0,"180":0,"181":1,"182":0,"183":0,"184":0,"185":0,"186":0,"187":0,"188":0,"189":0,"190":0,"191":0,"192":0,"193":0,"194":0,"195":0,"196":0,"197":0,"198":0,"199":0,"200":1},"f":{"0":23,"1":1,"2":0,"3":8,"4":8,"5":6,"6":0,"7":0,"8":0,"9":0},"b":{"0":[16],"1":[7,16],"2":[1,0],"3":[0,0],"4":[0,0],"5":[0,0],"6":[0,0],"7":[0,0,0,0],"8":[0,0],"9":[0,0],"10":[0,0],"11":[0,0],"12":[1,6],"13":[7,6],"14":[1,5],"15":[1,4],"16":[4,0],"17":[0,0],"18":[0,0],"19":[1,5],"20":[1,3],"21":[0,0],"22":[0,0],"23":[0,0],"24":[0,0],"25":[0,0],"26":[0,0],"27":[0,0],"28":[0,0]},"_coverageSchema":"1a1c01bbd47fc00a2c39e90264f33305004495a9","hash":"849fbdd37e9be0598e45705a6e3c99d612cdc7c7"}
,"D:\\Murti\\TEKNIS_TA\\be-peminjaman-mesin-main\\models\\userModel.js": {"path":"D:\\Murti\\TEKNIS_TA\\be-peminjaman-mesin-main\\models\\userModel.js","statementMap":{"0":{"start":{"line":1,"column":17},"end":{"line":1,"column":36}},"1":{"start":{"line":2,"column":15},"end":{"line":2,"column":30}},"2":{"start":{"line":4,"column":19},"end":{"line":54,"column":2}},"3":{"start":{"line":57,"column":0},"end":{"line":60,"column":2}},"4":{"start":{"line":58,"column":2},"end":{"line":58,"column":24}},"5":{"start":{"line":59,"column":2},"end":{"line":59,"column":21}},"6":{"start":{"line":62,"column":13},"end":{"line":62,"column":47}},"7":{"start":{"line":64,"column":0},"end":{"line":64,"column":22}}},"fnMap":{"0":{"name":"(anonymous_0)","decl":{"start":{"line":57,"column":36},"end":{"line":57,"column":37}},"loc":{"start":{"line":57,"column":59},"end":{"line":60,"column":1}},"line":57}},"branchMap":{},"s":{"0":1,"1":1,"2":1,"3":1,"4":0,"5":0,"6":1,"7":1},"f":{"0":0},"b":{},"_coverageSchema":"1a1c01bbd47fc00a2c39e90264f33305004495a9","hash":"36190a46ee5ce7d37c9a1a44c5359a5ebf2b3d92"}
}
