TN:
SF:controllers\authController.js
FN:9,logWithTimestamp
FN:41,(anonymous_1)
FN:49,(anonymous_2)
FN:101,(anonymous_3)
FN:237,(anonymous_4)
FN:357,(anonymous_5)
FN:406,(anonymous_6)
FN:451,(anonymous_7)
FN:563,(anonymous_8)
FN:598,(anonymous_9)
FNF:10
FNH:5
FNDA:23,logWithTimestamp
FNDA:1,(anonymous_1)
FNDA:0,(anonymous_2)
FNDA:8,(anonymous_3)
FNDA:8,(anonymous_4)
FNDA:6,(anonymous_5)
FNDA:0,(anonymous_6)
FNDA:0,(anonymous_7)
FNDA:0,(anonymous_8)
FNDA:0,(anonymous_9)
DA:2,1
DA:3,1
DA:4,1
DA:5,1
DA:6,1
DA:10,23
DA:11,23
DA:20,23
DA:21,7
DA:23,16
DA:27,1
DA:41,1
DA:42,1
DA:43,1
DA:45,0
DA:49,1
DA:50,0
DA:52,0
DA:53,0
DA:57,0
DA:58,0
DA:64,0
DA:85,0
DA:86,0
DA:87,0
DA:91,0
DA:96,0
DA:97,0
DA:101,1
DA:102,8
DA:103,8
DA:105,0
DA:106,0
DA:109,0
DA:110,0
DA:111,0
DA:125,0
DA:126,0
DA:127,0
DA:128,0
DA:137,0
DA:138,0
DA:139,0
DA:141,0
DA:142,0
DA:149,0
DA:158,0
DA:159,0
DA:162,0
DA:165,0
DA:168,0
DA:184,0
DA:185,0
DA:188,0
DA:189,0
DA:190,0
DA:191,0
DA:193,0
DA:200,0
DA:205,0
DA:214,0
DA:215,0
DA:217,0
DA:218,0
DA:219,0
DA:220,0
DA:228,0
DA:229,0
DA:237,1
DA:238,8
DA:239,8
DA:241,8
DA:245,7
DA:246,1
DA:252,6
DA:253,6
DA:254,1
DA:260,5
DA:261,1
DA:267,4
DA:268,4
DA:274,0
DA:275,0
DA:276,0
DA:282,0
DA:283,0
DA:284,0
DA:285,0
DA:288,0
DA:289,0
DA:290,0
DA:291,0
DA:296,0
DA:297,0
DA:299,0
DA:312,0
DA:322,0
DA:327,0
DA:332,0
DA:345,1
DA:346,1
DA:357,1
DA:358,6
DA:359,6
DA:361,6
DA:362,6
DA:363,1
DA:364,1
DA:370,5
DA:372,5
DA:374,4
DA:375,1
DA:376,1
DA:382,3
DA:385,3
DA:386,3
DA:387,3
DA:389,3
DA:390,3
DA:392,3
DA:393,3
DA:398,1
DA:399,1
DA:406,1
DA:407,0
DA:408,0
DA:410,0
DA:412,0
DA:413,0
DA:415,0
DA:416,0
DA:417,0
DA:423,0
DA:424,0
DA:425,0
DA:426,0
DA:432,0
DA:433,0
DA:435,0
DA:437,0
DA:442,0
DA:443,0
DA:451,1
DA:452,0
DA:454,0
DA:455,0
DA:456,0
DA:462,0
DA:464,0
DA:469,0
DA:470,0
DA:473,0
DA:481,0
DA:484,0
DA:485,0
DA:487,0
DA:489,0
DA:502,0
DA:503,0
DA:529,0
DA:531,0
DA:537,0
DA:538,0
DA:540,0
DA:547,0
DA:548,0
DA:550,0
DA:553,0
DA:554,0
DA:563,1
DA:564,0
DA:565,0
DA:567,0
DA:573,0
DA:574,0
DA:580,0
DA:581,0
DA:582,0
DA:583,0
DA:585,0
DA:590,0
DA:598,1
DA:599,0
DA:600,0
DA:603,0
DA:604,0
DA:611,0
DA:613,0
DA:614,0
DA:621,0
DA:622,0
DA:629,0
DA:632,0
DA:635,0
DA:636,0
DA:637,0
DA:640,0
DA:642,0
DA:647,0
DA:648,0
DA:656,1
LF:201
LH:60
BRDA:9,0,0,16
BRDA:20,1,0,7
BRDA:20,1,1,16
BRDA:42,2,0,1
BRDA:42,2,1,0
BRDA:52,3,0,0
BRDA:52,3,1,0
BRDA:52,4,0,0
BRDA:52,4,1,0
BRDA:57,5,0,0
BRDA:57,5,1,0
BRDA:109,6,0,0
BRDA:109,6,1,0
BRDA:109,7,0,0
BRDA:109,7,1,0
BRDA:109,7,2,0
BRDA:109,7,3,0
BRDA:126,8,0,0
BRDA:126,8,1,0
BRDA:138,9,0,0
BRDA:138,9,1,0
BRDA:141,10,0,0
BRDA:141,10,1,0
BRDA:217,11,0,0
BRDA:217,11,1,0
BRDA:245,12,0,1
BRDA:245,12,1,6
BRDA:245,13,0,7
BRDA:245,13,1,6
BRDA:253,14,0,1
BRDA:253,14,1,5
BRDA:260,15,0,1
BRDA:260,15,1,4
BRDA:267,16,0,4
BRDA:267,16,1,0
BRDA:275,17,0,0
BRDA:275,17,1,0
BRDA:288,18,0,0
BRDA:288,18,1,0
BRDA:362,19,0,1
BRDA:362,19,1,5
BRDA:374,20,0,1
BRDA:374,20,1,3
BRDA:415,21,0,0
BRDA:415,21,1,0
BRDA:424,22,0,0
BRDA:424,22,1,0
BRDA:454,23,0,0
BRDA:454,23,1,0
BRDA:469,24,0,0
BRDA:469,24,1,0
BRDA:573,25,0,0
BRDA:573,25,1,0
BRDA:603,26,0,0
BRDA:603,26,1,0
BRDA:613,27,0,0
BRDA:613,27,1,0
BRDA:621,28,0,0
BRDA:621,28,1,0
BRF:59
BRH:17
end_of_record
TN:
SF:models\userModel.js
FN:57,(anonymous_0)
FNF:1
FNH:0
FNDA:0,(anonymous_0)
DA:1,1
DA:2,1
DA:4,1
DA:57,1
DA:58,0
DA:59,0
DA:62,1
DA:64,1
LF:8
LH:6
BRF:0
BRH:0
end_of_record
